13:16:04 **** Incremental Build of configuration GNU ARM v10.2.1 - debug for project BRD4257A_EFR32FG14P_opamp_to_adc ****
make -j12 all 
Building file: C:/Users/Co-op Shaheeer R/peripheral_examples/series1/opamp/opamp_to_adc/src/main_radio14.c
Invoking: GNU ARM C Compiler
arm-none-eabi-gcc -g3 -gdwarf-2 -mcpu=cortex-m4 -mthumb -std=c99 '-DEFR32FG14P233F256GM48=1' -I"C:/Users/Co-op Shaheeer R/hardware/kit/EFR32FG14_BRD4257A/config" -I"C:/Users/Co-op Shaheeer R/SimplicityStudio/SDKs/gecko_sdk//hardware/kit/EFR32FG14_BRD4257A/config" -I"C:/Users/Co-op Shaheeer R/SimplicityStudio/SDKs/gecko_sdk//platform/CMSIS/Include" -I"C:/Users/Co-op Shaheeer R/SimplicityStudio/SDKs/gecko_sdk//platform/emlib/inc" -I"C:/Users/Co-op Shaheeer R/SimplicityStudio/SDKs/gecko_sdk//hardware/kit/common/bsp" -I"C:/Users/Co-op Shaheeer R/SimplicityStudio/SDKs/gecko_sdk//hardware/kit/common/drivers" -I"C:/Users/Co-op Shaheeer R/SimplicityStudio/SDKs/gecko_sdk//platform/Device/SiliconLabs/EFR32FG14P/Include" -O2 -Wall -ffunction-sections -fdata-sections -mfpu=fpv4-sp-d16 -mfloat-abi=softfp -c -fmessage-length=0 -MMD -MP -MF"src/main_radio14.d" -MT"src/main_radio14.o" -o "src/main_radio14.o" "C:/Users/Co-op Shaheeer R/peripheral_examples/series1/opamp/opamp_to_adc/src/main_radio14.c"
Finished building: C:/Users/Co-op Shaheeer R/peripheral_examples/series1/opamp/opamp_to_adc/src/main_radio14.c
 
Building target: BRD4257A_EFR32FG14P_opamp_to_adc.axf
Invoking: GNU ARM C Linker
arm-none-eabi-gcc -g3 -gdwarf-2 -mcpu=cortex-m4 -mthumb -T "BRD4257A_EFR32FG14P_opamp_to_adc.ld" -Xlinker --gc-sections -Xlinker -Map="BRD4257A_EFR32FG14P_opamp_to_adc.map" -mfpu=fpv4-sp-d16 -mfloat-abi=softfp --specs=nano.specs -o BRD4257A_EFR32FG14P_opamp_to_adc.axf "./CMSIS/EFR32FG14P/startup_efr32fg14p.o" "./CMSIS/EFR32FG14P/system_efr32fg14p.o" "./emlib/em_adc.o" "./emlib/em_cmu.o" "./emlib/em_core.o" "./emlib/em_emu.o" "./emlib/em_opamp.o" "./emlib/em_system.o" "./src/main_radio14.o" -Wl,--start-group -lgcc -lc -lnosys -Wl,--end-group
Finished building target: BRD4257A_EFR32FG14P_opamp_to_adc.axf
 
Building hex file: BRD4257A_EFR32FG14P_opamp_to_adc.hex
arm-none-eabi-objcopy -O ihex "BRD4257A_EFR32FG14P_opamp_to_adc.axf" "BRD4257A_EFR32FG14P_opamp_to_adc.hex"
 
Building bin file: BRD4257A_EFR32FG14P_opamp_to_adc.bin
arm-none-eabi-objcopy -O binary "BRD4257A_EFR32FG14P_opamp_to_adc.axf" "BRD4257A_EFR32FG14P_opamp_to_adc.bin"
 
Building s37 file: BRD4257A_EFR32FG14P_opamp_to_adc.s37
arm-none-eabi-objcopy -O srec "BRD4257A_EFR32FG14P_opamp_to_adc.axf" "BRD4257A_EFR32FG14P_opamp_to_adc.s37"
 
Running size tool
arm-none-eabi-size "BRD4257A_EFR32FG14P_opamp_to_adc.axf" -A
BRD4257A_EFR32FG14P_opamp_to_adc.axf  :
section              size        addr
.text                3656           0
.ARM.exidx              8        3656
.data                 120   536870912
.bss                   36   536871032
.heap                3072   536871072
.stack_dummy         1024   536871072
.ARM.attributes        46           0
.comment               77           0
.debug_line         31175           0
.debug_info         47583           0
.debug_abbrev        4909           0
.debug_aranges        824           0
.debug_str        1292138           0
.debug_loc          25704           0
.debug_ranges        4408           0
.debug_macro       189038           0
.debug_frame         2232           0
Total             1606050


 

13:16:06 Build Finished. 0 errors, 0 warnings. (took 1s.470ms)

