10:46:43 **** Incremental Build of configuration GNU ARM v10.2.1 - debug for project BRD4257A_EFR32FG14P_opamp_to_adc_2 ****
make -j12 all 
Building file: C:/Users/Co-op Shaheeer R/peripheral_examples/series1/opamp/opamp_to_adc/src/main_radio14.c
Invoking: GNU ARM C Compiler
arm-none-eabi-gcc -g3 -gdwarf-2 -mcpu=cortex-m4 -mthumb -std=c99 '-DEFR32FG14P233F256GM48=1' -I"C:/Users/Co-op Shaheeer R/hardware/kit/EFR32FG14_BRD4257A/config" -I"C:/Users/Co-op Shaheeer R/SimplicityStudio/SDKs/gecko_sdk//hardware/kit/EFR32FG14_BRD4257A/config" -I"C:/Users/Co-op Shaheeer R/SimplicityStudio/SDKs/gecko_sdk//platform/CMSIS/Include" -I"C:/Users/Co-op Shaheeer R/SimplicityStudio/SDKs/gecko_sdk//platform/emlib/inc" -I"C:/Users/Co-op Shaheeer R/SimplicityStudio/SDKs/gecko_sdk//hardware/kit/common/bsp" -I"C:/Users/Co-op Shaheeer R/SimplicityStudio/SDKs/gecko_sdk//hardware/kit/common/drivers" -I"C:/Users/Co-op Shaheeer R/SimplicityStudio/SDKs/gecko_sdk//platform/Device/SiliconLabs/EFR32FG14P/Include" -O2 -Wall -ffunction-sections -fdata-sections -mfpu=fpv4-sp-d16 -mfloat-abi=softfp -c -fmessage-length=0 -MMD -MP -MF"src/main_radio14.d" -MT"src/main_radio14.o" -o "src/main_radio14.o" "C:/Users/Co-op Shaheeer R/peripheral_examples/series1/opamp/opamp_to_adc/src/main_radio14.c"
Finished building: C:/Users/Co-op Shaheeer R/peripheral_examples/series1/opamp/opamp_to_adc/src/main_radio14.c
 
Building target: BRD4257A_EFR32FG14P_opamp_to_adc_2.axf
Invoking: GNU ARM C Linker
arm-none-eabi-gcc -g3 -gdwarf-2 -mcpu=cortex-m4 -mthumb -T "BRD4257A_EFR32FG14P_opamp_to_adc_2.ld" -Xlinker --gc-sections -Xlinker -Map="BRD4257A_EFR32FG14P_opamp_to_adc_2.map" -mfpu=fpv4-sp-d16 -mfloat-abi=softfp --specs=nano.specs -o BRD4257A_EFR32FG14P_opamp_to_adc_2.axf "./CMSIS/EFR32FG14P/startup_efr32fg14p.o" "./CMSIS/EFR32FG14P/system_efr32fg14p.o" "./emlib/em_adc.o" "./emlib/em_cmu.o" "./emlib/em_core.o" "./emlib/em_emu.o" "./emlib/em_opamp.o" "./emlib/em_system.o" "./src/main_radio14.o" -Wl,--start-group -lgcc -lc -lnosys -Wl,--end-group
Finished building target: BRD4257A_EFR32FG14P_opamp_to_adc_2.axf
 
Building hex file: BRD4257A_EFR32FG14P_opamp_to_adc_2.hex
arm-none-eabi-objcopy -O ihex "BRD4257A_EFR32FG14P_opamp_to_adc_2.axf" "BRD4257A_EFR32FG14P_opamp_to_adc_2.hex"
 
Building bin file: BRD4257A_EFR32FG14P_opamp_to_adc_2.bin
arm-none-eabi-objcopy -O binary "BRD4257A_EFR32FG14P_opamp_to_adc_2.axf" "BRD4257A_EFR32FG14P_opamp_to_adc_2.bin"
 
Building s37 file: BRD4257A_EFR32FG14P_opamp_to_adc_2.s37
arm-none-eabi-objcopy -O srec "BRD4257A_EFR32FG14P_opamp_to_adc_2.axf" "BRD4257A_EFR32FG14P_opamp_to_adc_2.s37"
 
Running size tool
arm-none-eabi-size "BRD4257A_EFR32FG14P_opamp_to_adc_2.axf" -A
BRD4257A_EFR32FG14P_opamp_to_adc_2.axf  :
section              size        addr
.text                5716           0
.ARM.exidx              8        5716
.data                 144   536870912
.bss                   48   536871056
.heap                3072   536871104
.stack_dummy         1024   536871104
.ARM.attributes        46           0
.comment               77           0
.debug_line         36627           0
.debug_info         50653           0
.debug_abbrev        5143           0
.debug_aranges       1008           0
.debug_str        1285911           0
.debug_loc          31695           0
.debug_ranges        6528           0
.debug_macro       187500           0
.debug_frame         2920           0
Total             1618120


 

10:46:45 Build Finished. 0 errors, 0 warnings. (took 1s.421ms)

