02:30:23 **** Incremental Build of configuration GNU ARM v10.2.1 - debug for project SLSTK3301A_EFM32TG11B_adc_single_prs_gpio_dma ****
make -j12 all 
make: Warning: File 'c:\users\co-op shaheeer r\simplicitystudio\sdks\gecko_sdk\platform\device\siliconlabs\efr32fg14p\include\em_device.h' has modification time 22538 s in the future
Building file: C:/Users/Co-op Shaheeer R/peripheral_examples/series1/adc/adc_single_prs_gpio_dma/src/main_tg11.c
Building file: C:/Users/Co-op Shaheeer R/SimplicityStudio/SDKs/gecko_sdk/platform/emlib/src/em_adc.c
Building file: C:/Users/Co-op Shaheeer R/SimplicityStudio/SDKs/gecko_sdk/platform/emlib/src/em_cmu.c
Building file: C:/Users/Co-op Shaheeer R/SimplicityStudio/SDKs/gecko_sdk/platform/emlib/src/em_core.c
Invoking: GNU ARM C Compiler
Building file: C:/Users/Co-op Shaheeer R/SimplicityStudio/SDKs/gecko_sdk/platform/emlib/src/em_emu.c
Building file: C:/Users/Co-op Shaheeer R/SimplicityStudio/SDKs/gecko_sdk/platform/emlib/src/em_gpio.c
Invoking: GNU ARM C Compiler
Invoking: GNU ARM C Compiler
arm-none-eabi-gcc -g3 -gdwarf-2 -mcpu=cortex-m4 -mthumb -std=c99 '-DEFR32FG14P233F256GM48=1' -I"C:/Users/Co-op Shaheeer R/SimplicityStudio/SDKs/gecko_sdk//platform/Device/SiliconLabs/EFR32FG14P/Include" -I"C:/Users/Co-op Shaheeer R/SimplicityStudio/SDKs/gecko_sdk//hardware/kit/common/drivers" -I"C:/Users/Co-op Shaheeer R/SimplicityStudio/SDKs/gecko_sdk//hardware/kit/common/bsp" -I"C:/Users/Co-op Shaheeer R/SimplicityStudio/SDKs/gecko_sdk//platform/CMSIS/Include" -I"C:/Users/Co-op Shaheeer R/SimplicityStudio/SDKs/gecko_sdk//platform/emlib/inc" -I"C:\SiliconLabs\SimplicityStudio\v5\developer\toolchains\gnu_arm\10.2_2020q4\/arm-none-eabi/include" -O2 -Wall -ffunction-sections -fdata-sections -mfpu=fpv4-sp-d16 -mfloat-abi=softfp -c -fmessage-length=0 -MMD -MP -MF"src/main_tg11.d" -MT"src/main_tg11.o" -o "src/main_tg11.o" "C:/Users/Co-op Shaheeer R/peripheral_examples/series1/adc/adc_single_prs_gpio_dma/src/main_tg11.c"
Invoking: GNU ARM C Compiler
Invoking: GNU ARM C Compiler
Building file: C:/Users/Co-op Shaheeer R/SimplicityStudio/SDKs/gecko_sdk/platform/emlib/src/em_ldma.c
arm-none-eabi-gcc -g3 -gdwarf-2 -mcpu=cortex-m4 -mthumb -std=c99 '-DEFR32FG14P233F256GM48=1' -I"C:/Users/Co-op Shaheeer R/SimplicityStudio/SDKs/gecko_sdk//platform/Device/SiliconLabs/EFR32FG14P/Include" -I"C:/Users/Co-op Shaheeer R/SimplicityStudio/SDKs/gecko_sdk//hardware/kit/common/drivers" -I"C:/Users/Co-op Shaheeer R/SimplicityStudio/SDKs/gecko_sdk//hardware/kit/common/bsp" -I"C:/Users/Co-op Shaheeer R/SimplicityStudio/SDKs/gecko_sdk//platform/CMSIS/Include" -I"C:/Users/Co-op Shaheeer R/SimplicityStudio/SDKs/gecko_sdk//platform/emlib/inc" -I"C:\SiliconLabs\SimplicityStudio\v5\developer\toolchains\gnu_arm\10.2_2020q4\/arm-none-eabi/include" -O2 -Wall -ffunction-sections -fdata-sections -mfpu=fpv4-sp-d16 -mfloat-abi=softfp -c -fmessage-length=0 -MMD -MP -MF"emlib/em_core.d" -MT"emlib/em_core.o" -o "emlib/em_core.o" "C:/Users/Co-op Shaheeer R/SimplicityStudio/SDKs/gecko_sdk/platform/emlib/src/em_core.c"
Invoking: GNU ARM C Compiler
arm-none-eabi-gcc -g3 -gdwarf-2 -mcpu=cortex-m4 -mthumb -std=c99 '-DEFR32FG14P233F256GM48=1' -I"C:/Users/Co-op Shaheeer R/SimplicityStudio/SDKs/gecko_sdk//platform/Device/SiliconLabs/EFR32FG14P/Include" -I"C:/Users/Co-op Shaheeer R/SimplicityStudio/SDKs/gecko_sdk//hardware/kit/common/drivers" -I"C:/Users/Co-op Shaheeer R/SimplicityStudio/SDKs/gecko_sdk//hardware/kit/common/bsp" -I"C:/Users/Co-op Shaheeer R/SimplicityStudio/SDKs/gecko_sdk//platform/CMSIS/Include" -I"C:/Users/Co-op Shaheeer R/SimplicityStudio/SDKs/gecko_sdk//platform/emlib/inc" -I"C:\SiliconLabs\SimplicityStudio\v5\developer\toolchains\gnu_arm\10.2_2020q4\/arm-none-eabi/include" -O2 -Wall -ffunction-sections -fdata-sections -mfpu=fpv4-sp-d16 -mfloat-abi=softfp -c -fmessage-length=0 -MMD -MP -MF"emlib/em_adc.d" -MT"emlib/em_adc.o" -o "emlib/em_adc.o" "C:/Users/Co-op Shaheeer R/SimplicityStudio/SDKs/gecko_sdk/platform/emlib/src/em_adc.c"
arm-none-eabi-gcc -g3 -gdwarf-2 -mcpu=cortex-m4 -mthumb -std=c99 '-DEFR32FG14P233F256GM48=1' -I"C:/Users/Co-op Shaheeer R/SimplicityStudio/SDKs/gecko_sdk//platform/Device/SiliconLabs/EFR32FG14P/Include" -I"C:/Users/Co-op Shaheeer R/SimplicityStudio/SDKs/gecko_sdk//hardware/kit/common/drivers" -I"C:/Users/Co-op Shaheeer R/SimplicityStudio/SDKs/gecko_sdk//hardware/kit/common/bsp" -I"C:/Users/Co-op Shaheeer R/SimplicityStudio/SDKs/gecko_sdk//platform/CMSIS/Include" -I"C:/Users/Co-op Shaheeer R/SimplicityStudio/SDKs/gecko_sdk//platform/emlib/inc" -I"C:\SiliconLabs\SimplicityStudio\v5\developer\toolchains\gnu_arm\10.2_2020q4\/arm-none-eabi/include" -O2 -Wall -ffunction-sections -fdata-sections -mfpu=fpv4-sp-d16 -mfloat-abi=softfp -c -fmessage-length=0 -MMD -MP -MF"emlib/em_cmu.d" -MT"emlib/em_cmu.o" -o "emlib/em_cmu.o" "C:/Users/Co-op Shaheeer R/SimplicityStudio/SDKs/gecko_sdk/platform/emlib/src/em_cmu.c"
arm-none-eabi-gcc -g3 -gdwarf-2 -mcpu=cortex-m4 -mthumb -std=c99 '-DEFR32FG14P233F256GM48=1' -I"C:/Users/Co-op Shaheeer R/SimplicityStudio/SDKs/gecko_sdk//platform/Device/SiliconLabs/EFR32FG14P/Include" -I"C:/Users/Co-op Shaheeer R/SimplicityStudio/SDKs/gecko_sdk//hardware/kit/common/drivers" -I"C:/Users/Co-op Shaheeer R/SimplicityStudio/SDKs/gecko_sdk//hardware/kit/common/bsp" -I"C:/Users/Co-op Shaheeer R/SimplicityStudio/SDKs/gecko_sdk//platform/CMSIS/Include" -I"C:/Users/Co-op Shaheeer R/SimplicityStudio/SDKs/gecko_sdk//platform/emlib/inc" -I"C:\SiliconLabs\SimplicityStudio\v5\developer\toolchains\gnu_arm\10.2_2020q4\/arm-none-eabi/include" -O2 -Wall -ffunction-sections -fdata-sections -mfpu=fpv4-sp-d16 -mfloat-abi=softfp -c -fmessage-length=0 -MMD -MP -MF"emlib/em_gpio.d" -MT"emlib/em_gpio.o" -o "emlib/em_gpio.o" "C:/Users/Co-op Shaheeer R/SimplicityStudio/SDKs/gecko_sdk/platform/emlib/src/em_gpio.c"
Invoking: GNU ARM C Compiler
arm-none-eabi-gcc -g3 -gdwarf-2 -mcpu=cortex-m4 -mthumb -std=c99 '-DEFR32FG14P233F256GM48=1' -I"C:/Users/Co-op Shaheeer R/SimplicityStudio/SDKs/gecko_sdk//platform/Device/SiliconLabs/EFR32FG14P/Include" -I"C:/Users/Co-op Shaheeer R/SimplicityStudio/SDKs/gecko_sdk//hardware/kit/common/drivers" -I"C:/Users/Co-op Shaheeer R/SimplicityStudio/SDKs/gecko_sdk//hardware/kit/common/bsp" -I"C:/Users/Co-op Shaheeer R/SimplicityStudio/SDKs/gecko_sdk//platform/CMSIS/Include" -I"C:/Users/Co-op Shaheeer R/SimplicityStudio/SDKs/gecko_sdk//platform/emlib/inc" -I"C:\SiliconLabs\SimplicityStudio\v5\developer\toolchains\gnu_arm\10.2_2020q4\/arm-none-eabi/include" -O2 -Wall -ffunction-sections -fdata-sections -mfpu=fpv4-sp-d16 -mfloat-abi=softfp -c -fmessage-length=0 -MMD -MP -MF"emlib/em_emu.d" -MT"emlib/em_emu.o" -o "emlib/em_emu.o" "C:/Users/Co-op Shaheeer R/SimplicityStudio/SDKs/gecko_sdk/platform/emlib/src/em_emu.c"
arm-none-eabi-gcc -g3 -gdwarf-2 -mcpu=cortex-m4 -mthumb -std=c99 '-DEFR32FG14P233F256GM48=1' -I"C:/Users/Co-op Shaheeer R/SimplicityStudio/SDKs/gecko_sdk//platform/Device/SiliconLabs/EFR32FG14P/Include" -I"C:/Users/Co-op Shaheeer R/SimplicityStudio/SDKs/gecko_sdk//hardware/kit/common/drivers" -I"C:/Users/Co-op Shaheeer R/SimplicityStudio/SDKs/gecko_sdk//hardware/kit/common/bsp" -I"C:/Users/Co-op Shaheeer R/SimplicityStudio/SDKs/gecko_sdk//platform/CMSIS/Include" -I"C:/Users/Co-op Shaheeer R/SimplicityStudio/SDKs/gecko_sdk//platform/emlib/inc" -I"C:\SiliconLabs\SimplicityStudio\v5\developer\toolchains\gnu_arm\10.2_2020q4\/arm-none-eabi/include" -O2 -Wall -ffunction-sections -fdata-sections -mfpu=fpv4-sp-d16 -mfloat-abi=softfp -c -fmessage-length=0 -MMD -MP -MF"emlib/em_ldma.d" -MT"emlib/em_ldma.o" -o "emlib/em_ldma.o" "C:/Users/Co-op Shaheeer R/SimplicityStudio/SDKs/gecko_sdk/platform/emlib/src/em_ldma.c"
Building file: C:/Users/Co-op Shaheeer R/SimplicityStudio/SDKs/gecko_sdk/platform/emlib/src/em_letimer.c
Building file: C:/Users/Co-op Shaheeer R/SimplicityStudio/SDKs/gecko_sdk/platform/emlib/src/em_prs.c
Building file: C:/Users/Co-op Shaheeer R/SimplicityStudio/SDKs/gecko_sdk/platform/emlib/src/em_system.c
Invoking: GNU ARM C Compiler
Invoking: GNU ARM C Compiler
Invoking: GNU ARM C Compiler
Building file: C:/Users/Co-op Shaheeer R/SimplicityStudio/SDKs/gecko_sdk/platform/Device/SiliconLabs/EFR32FG14P/Source/GCC/startup_efr32fg14p.S
arm-none-eabi-gcc -g3 -gdwarf-2 -mcpu=cortex-m4 -mthumb -std=c99 '-DEFR32FG14P233F256GM48=1' -I"C:/Users/Co-op Shaheeer R/SimplicityStudio/SDKs/gecko_sdk//platform/Device/SiliconLabs/EFR32FG14P/Include" -I"C:/Users/Co-op Shaheeer R/SimplicityStudio/SDKs/gecko_sdk//hardware/kit/common/drivers" -I"C:/Users/Co-op Shaheeer R/SimplicityStudio/SDKs/gecko_sdk//hardware/kit/common/bsp" -I"C:/Users/Co-op Shaheeer R/SimplicityStudio/SDKs/gecko_sdk//platform/CMSIS/Include" -I"C:/Users/Co-op Shaheeer R/SimplicityStudio/SDKs/gecko_sdk//platform/emlib/inc" -I"C:\SiliconLabs\SimplicityStudio\v5\developer\toolchains\gnu_arm\10.2_2020q4\/arm-none-eabi/include" -O2 -Wall -ffunction-sections -fdata-sections -mfpu=fpv4-sp-d16 -mfloat-abi=softfp -c -fmessage-length=0 -MMD -MP -MF"emlib/em_letimer.d" -MT"emlib/em_letimer.o" -o "emlib/em_letimer.o" "C:/Users/Co-op Shaheeer R/SimplicityStudio/SDKs/gecko_sdk/platform/emlib/src/em_letimer.c"
Building file: C:/Users/Co-op Shaheeer R/SimplicityStudio/SDKs/gecko_sdk/platform/Device/SiliconLabs/EFR32FG14P/Source/system_efr32fg14p.c
arm-none-eabi-gcc -g3 -gdwarf-2 -mcpu=cortex-m4 -mthumb -std=c99 '-DEFR32FG14P233F256GM48=1' -I"C:/Users/Co-op Shaheeer R/SimplicityStudio/SDKs/gecko_sdk//platform/Device/SiliconLabs/EFR32FG14P/Include" -I"C:/Users/Co-op Shaheeer R/SimplicityStudio/SDKs/gecko_sdk//hardware/kit/common/drivers" -I"C:/Users/Co-op Shaheeer R/SimplicityStudio/SDKs/gecko_sdk//hardware/kit/common/bsp" -I"C:/Users/Co-op Shaheeer R/SimplicityStudio/SDKs/gecko_sdk//platform/CMSIS/Include" -I"C:/Users/Co-op Shaheeer R/SimplicityStudio/SDKs/gecko_sdk//platform/emlib/inc" -I"C:\SiliconLabs\SimplicityStudio\v5\developer\toolchains\gnu_arm\10.2_2020q4\/arm-none-eabi/include" -O2 -Wall -ffunction-sections -fdata-sections -mfpu=fpv4-sp-d16 -mfloat-abi=softfp -c -fmessage-length=0 -MMD -MP -MF"emlib/em_system.d" -MT"emlib/em_system.o" -o "emlib/em_system.o" "C:/Users/Co-op Shaheeer R/SimplicityStudio/SDKs/gecko_sdk/platform/emlib/src/em_system.c"
arm-none-eabi-gcc -g3 -gdwarf-2 -mcpu=cortex-m4 -mthumb -std=c99 '-DEFR32FG14P233F256GM48=1' -I"C:/Users/Co-op Shaheeer R/SimplicityStudio/SDKs/gecko_sdk//platform/Device/SiliconLabs/EFR32FG14P/Include" -I"C:/Users/Co-op Shaheeer R/SimplicityStudio/SDKs/gecko_sdk//hardware/kit/common/drivers" -I"C:/Users/Co-op Shaheeer R/SimplicityStudio/SDKs/gecko_sdk//hardware/kit/common/bsp" -I"C:/Users/Co-op Shaheeer R/SimplicityStudio/SDKs/gecko_sdk//platform/CMSIS/Include" -I"C:/Users/Co-op Shaheeer R/SimplicityStudio/SDKs/gecko_sdk//platform/emlib/inc" -I"C:\SiliconLabs\SimplicityStudio\v5\developer\toolchains\gnu_arm\10.2_2020q4\/arm-none-eabi/include" -O2 -Wall -ffunction-sections -fdata-sections -mfpu=fpv4-sp-d16 -mfloat-abi=softfp -c -fmessage-length=0 -MMD -MP -MF"emlib/em_prs.d" -MT"emlib/em_prs.o" -o "emlib/em_prs.o" "C:/Users/Co-op Shaheeer R/SimplicityStudio/SDKs/gecko_sdk/platform/emlib/src/em_prs.c"
Invoking: GNU ARM C Compiler
Invoking: GNU ARM Assembler
In file included from C:/Users/Co-op Shaheeer R/peripheral_examples/series1/adc/adc_single_prs_gpio_dma/src/main_tg11.c:47:
c:\users\co-op shaheeer r\simplicitystudio\sdks\gecko_sdk\hardware\kit\common\bsp\bsp.h:38:10: fatal error: bspconfig.h: No such file or directory
arm-none-eabi-gcc -g3 -gdwarf-2 -mcpu=cortex-m4 -mthumb -std=c99 '-DEFR32FG14P233F256GM48=1' -I"C:/Users/Co-op Shaheeer R/SimplicityStudio/SDKs/gecko_sdk//platform/Device/SiliconLabs/EFR32FG14P/Include" -I"C:/Users/Co-op Shaheeer R/SimplicityStudio/SDKs/gecko_sdk//hardware/kit/common/drivers" -I"C:/Users/Co-op Shaheeer R/SimplicityStudio/SDKs/gecko_sdk//hardware/kit/common/bsp" -I"C:/Users/Co-op Shaheeer R/SimplicityStudio/SDKs/gecko_sdk//platform/CMSIS/Include" -I"C:/Users/Co-op Shaheeer R/SimplicityStudio/SDKs/gecko_sdk//platform/emlib/inc" -I"C:\SiliconLabs\SimplicityStudio\v5\developer\toolchains\gnu_arm\10.2_2020q4\/arm-none-eabi/include" -O2 -Wall -ffunction-sections -fdata-sections -mfpu=fpv4-sp-d16 -mfloat-abi=softfp -c -fmessage-length=0 -MMD -MP -MF"CMSIS/EFR32FG14P/system_efr32fg14p.d" -MT"CMSIS/EFR32FG14P/system_efr32fg14p.o" -o "CMSIS/EFR32FG14P/system_efr32fg14p.o" "C:/Users/Co-op Shaheeer R/SimplicityStudio/SDKs/gecko_sdk/platform/Device/SiliconLabs/EFR32FG14P/Source/system_efr32fg14p.c"
   38 | #include "bspconfig.h"
      |          ^~~~~~~~~~~~~
compilation terminated.
arm-none-eabi-gcc -g3 -gdwarf-2 -mcpu=cortex-m4 -mthumb -I"C:/Users/Co-op Shaheeer R/SimplicityStudio/SDKs/gecko_sdk//platform/Device/SiliconLabs/EFR32FG14P/Include" -I"C:/Users/Co-op Shaheeer R/SimplicityStudio/SDKs/gecko_sdk//hardware/kit/common/drivers" -I"C:/Users/Co-op Shaheeer R/SimplicityStudio/SDKs/gecko_sdk//hardware/kit/common/bsp" -I"C:/Users/Co-op Shaheeer R/SimplicityStudio/SDKs/gecko_sdk//platform/CMSIS/Include" -I"C:/Users/Co-op Shaheeer R/SimplicityStudio/SDKs/gecko_sdk//platform/emlib/inc" '-DEFR32FG14P233F256GM48=1' -mfpu=fpv4-sp-d16 -mfloat-abi=softfp -c -x assembler-with-cpp -o "CMSIS/EFR32FG14P/startup_efr32fg14p.o" "C:/Users/Co-op Shaheeer R/SimplicityStudio/SDKs/gecko_sdk/platform/Device/SiliconLabs/EFR32FG14P/Source/GCC/startup_efr32fg14p.S"
make: *** [src/subdir.mk:20: src/main_tg11.o] Error 1
make: *** Waiting for unfinished jobs....
Finished building: C:/Users/Co-op Shaheeer R/SimplicityStudio/SDKs/gecko_sdk/platform/Device/SiliconLabs/EFR32FG14P/Source/GCC/startup_efr32fg14p.S
 
Finished building: C:/Users/Co-op Shaheeer R/SimplicityStudio/SDKs/gecko_sdk/platform/emlib/src/em_core.c
 
Finished building: C:/Users/Co-op Shaheeer R/SimplicityStudio/SDKs/gecko_sdk/platform/emlib/src/em_gpio.c
Finished building: C:/Users/Co-op Shaheeer R/SimplicityStudio/SDKs/gecko_sdk/platform/emlib/src/em_ldma.c
Finished building: C:/Users/Co-op Shaheeer R/SimplicityStudio/SDKs/gecko_sdk/platform/emlib/src/em_adc.c
Finished building: C:/Users/Co-op Shaheeer R/SimplicityStudio/SDKs/gecko_sdk/platform/emlib/src/em_system.c
 
Finished building: C:/Users/Co-op Shaheeer R/SimplicityStudio/SDKs/gecko_sdk/platform/emlib/src/em_prs.c
 
 
 
Finished building: C:/Users/Co-op Shaheeer R/SimplicityStudio/SDKs/gecko_sdk/platform/emlib/src/em_letimer.c
 
Finished building: C:/Users/Co-op Shaheeer R/SimplicityStudio/SDKs/gecko_sdk/platform/Device/SiliconLabs/EFR32FG14P/Source/system_efr32fg14p.c
 
 
Finished building: C:/Users/Co-op Shaheeer R/SimplicityStudio/SDKs/gecko_sdk/platform/emlib/src/em_emu.c
 
Finished building: C:/Users/Co-op Shaheeer R/SimplicityStudio/SDKs/gecko_sdk/platform/emlib/src/em_cmu.c
 
"make -j12 all" terminated with exit code 2. Build might be incomplete.

02:30:24 Build Failed. 3 errors, 0 warnings. (took 1s.414ms)

